Started at Thu Feb 29 07:47:32 UTC 2024
Processing my-first-job
Offering my-first-job to Project Build Discarder
Processing remote-task
Offering remote-task to Project Build Discarder
Finished at Thu Feb 29 07:47:32 UTC 2024. 29ms
Started at Thu Feb 29 08:47:32 UTC 2024
Processing backup-to-aws
Offering backup-to-aws to Project Build Discarder
Processing my-first-job
Offering my-first-job to Project Build Discarder
Processing remote-task
Offering remote-task to Project Build Discarder
Finished at Thu Feb 29 08:47:32 UTC 2024. 14ms
Started at Thu Feb 29 09:47:37 UTC 2024
Processing backup-to-aws
Offering backup-to-aws to Project Build Discarder
Processing my-first-job
Offering my-first-job to Project Build Discarder
Processing remote-task
Offering remote-task to Project Build Discarder
Finished at Thu Feb 29 09:47:37 UTC 2024. 16ms
